Performing C SOURCE FILE Test CMAKE_HAVE_LIBC_PTHREAD failed with the following output:
Change Dir: /home/yang/CLionProjects/hand_calibration/cmake-build-debug/CMakeFiles/CMakeTmp

Run Build Command(s):/usr/bin/make cmTC_5c5e8/fast && make[1]: Entering directory '/home/yang/CLionProjects/hand_calibration/cmake-build-debug/CMakeFiles/CMakeTmp'
/usr/bin/make  -f CMakeFiles/cmTC_5c5e8.dir/build.make CMakeFiles/cmTC_5c5e8.dir/build
make[2]: Entering directory '/home/yang/CLionProjects/hand_calibration/cmake-build-debug/CMakeFiles/CMakeTmp'
Building C object CMakeFiles/cmTC_5c5e8.dir/src.c.o
/usr/bin/cc   -DCMAKE_HAVE_LIBC_PTHREAD   -o CMakeFiles/cmTC_5c5e8.dir/src.c.o   -c /home/yang/CLionProjects/hand_calibration/cmake-build-debug/CMakeFiles/CMakeTmp/src.c
Linking C executable cmTC_5c5e8
/home/yang/Anwendung/clion-2020.2.3/bin/cmake/linux/bin/cmake -E cmake_link_script CMakeFiles/cmTC_5c5e8.dir/link.txt --verbose=1
/usr/bin/cc  -DCMAKE_HAVE_LIBC_PTHREAD    CMakeFiles/cmTC_5c5e8.dir/src.c.o  -o cmTC_5c5e8 
CMakeFiles/cmTC_5c5e8.dir/src.c.o: In function `main':
src.c:(.text+0x3e): undefined reference to `pthread_create'
src.c:(.text+0x4a): undefined reference to `pthread_detach'
src.c:(.text+0x56): undefined reference to `pthread_cancel'
src.c:(.text+0x67): undefined reference to `pthread_join'
src.c:(.text+0x7b): undefined reference to `pthread_atfork'
collect2: error: ld returned 1 exit status
CMakeFiles/cmTC_5c5e8.dir/build.make:106: recipe for target 'cmTC_5c5e8' failed
make[2]: *** [cmTC_5c5e8] Error 1
make[2]: Leaving directory '/home/yang/CLionProjects/hand_calibration/cmake-build-debug/CMakeFiles/CMakeTmp'
Makefile:141: recipe for target 'cmTC_5c5e8/fast' failed
make[1]: *** [cmTC_5c5e8/fast] Error 2
make[1]: Leaving directory '/home/yang/CLionProjects/hand_calibration/cmake-build-debug/CMakeFiles/CMakeTmp'


Source file was:
#include <pthread.h>

void* test_func(void* data)
{
  return data;
}

int main(void)
{
  pthread_t thread;
  pthread_create(&thread, NULL, test_func, NULL);
  pthread_detach(thread);
  pthread_cancel(thread);
  pthread_join(thread, NULL);
  pthread_atfork(NULL, NULL, NULL);
  pthread_exit(NULL);

  return 0;
}

Determining if the function pthread_create exists in the pthreads failed with the following output:
Change Dir: /home/yang/CLionProjects/hand_calibration/cmake-build-debug/CMakeFiles/CMakeTmp

Run Build Command(s):/usr/bin/make cmTC_d52da/fast && make[1]: Entering directory '/home/yang/CLionProjects/hand_calibration/cmake-build-debug/CMakeFiles/CMakeTmp'
/usr/bin/make  -f CMakeFiles/cmTC_d52da.dir/build.make CMakeFiles/cmTC_d52da.dir/build
make[2]: Entering directory '/home/yang/CLionProjects/hand_calibration/cmake-build-debug/CMakeFiles/CMakeTmp'
Building C object CMakeFiles/cmTC_d52da.dir/CheckFunctionExists.c.o
/usr/bin/cc   -DCHECK_FUNCTION_EXISTS=pthread_create   -o CMakeFiles/cmTC_d52da.dir/CheckFunctionExists.c.o   -c /home/yang/Anwendung/clion-2020.2.3/bin/cmake/linux/share/cmake-3.17/Modules/CheckFunctionExists.c
Linking C executable cmTC_d52da
/home/yang/Anwendung/clion-2020.2.3/bin/cmake/linux/bin/cmake -E cmake_link_script CMakeFiles/cmTC_d52da.dir/link.txt --verbose=1
/usr/bin/cc  -DCHECK_FUNCTION_EXISTS=pthread_create    CMakeFiles/cmTC_d52da.dir/CheckFunctionExists.c.o  -o cmTC_d52da  -lpthreads 
/usr/bin/ld: cannot find -lpthreads
collect2: error: ld returned 1 exit status
CMakeFiles/cmTC_d52da.dir/build.make:106: recipe for target 'cmTC_d52da' failed
make[2]: *** [cmTC_d52da] Error 1
make[2]: Leaving directory '/home/yang/CLionProjects/hand_calibration/cmake-build-debug/CMakeFiles/CMakeTmp'
Makefile:141: recipe for target 'cmTC_d52da/fast' failed
make[1]: *** [cmTC_d52da/fast] Error 2
make[1]: Leaving directory '/home/yang/CLionProjects/hand_calibration/cmake-build-debug/CMakeFiles/CMakeTmp'



